[INFO ] 2023-09-12 09:37:07.903 [main] TravelsDirectory_Steps - Setup executed......
[INFO ] 2023-09-12 09:37:13.469 [main] TravelsDirectory_Steps - URL opened successfully
[INFO ] 2023-09-12 15:22:06.747 [main] TravelsDirectory_Steps - Setup executed......
[INFO ] 2023-09-12 15:22:12.764 [main] TravelsDirectory_Steps - URL opened successfully
[WARN ] 2023-09-12 15:22:15.894 [main] TravelsDirectory_Steps - Home page validated successfully
[WARN ] 2023-09-12 15:22:23.455 [main] TravelsDirectory_Steps - Home page validated successfully
[INFO ] 2023-09-15 12:15:22.744 [main] TravelsDirectory_Steps - Setup executed......
[INFO ] 2023-09-15 12:15:33.410 [main] TravelsDirectory_Steps - URL opened successfully
[WARN ] 2023-09-15 12:15:36.841 [main] TravelsDirectory_Steps - Home page validated successfully
[WARN ] 2023-09-15 12:15:45.156 [main] TravelsDirectory_Steps - user clicked on View All Link
[INFO ] 2023-09-15 12:16:48.249 [main] TravelsDirectory_Steps - Setup executed......
[INFO ] 2023-09-15 12:16:56.736 [main] TravelsDirectory_Steps - URL opened successfully
[WARN ] 2023-09-15 12:16:59.902 [main] TravelsDirectory_Steps - Home page validated successfully
[WARN ] 2023-09-15 12:17:07.722 [main] TravelsDirectory_Steps - user clicked on View All Link
[INFO ] 2023-10-05 08:19:59.474 [main] TravelsDirectory_Steps - Setup executed......
[INFO ] 2023-10-05 08:20:06.726 [main] TravelsDirectory_Steps - URL opened successfully
[WARN ] 2023-10-05 08:20:16.843 [main] TravelsDirectory_Steps - Home page validated successfully
[WARN ] 2023-10-05 08:20:24.165 [main] TravelsDirectory_Steps - user clicked on View All Link
[WARN ] 2023-10-05 08:20:30.664 [main] TravelsDirectory_Steps - Scenario got failed , taken sceenshot for reference
[INFO ] 2023-10-06 09:41:52.958 [main] TravelsDirectory_Steps - Setup executed......
[INFO ] 2023-10-06 09:41:59.175 [main] TravelsDirectory_Steps - URL opened successfully
[WARN ] 2023-10-06 09:42:02.460 [main] TravelsDirectory_Steps - Home page validated successfully
[WARN ] 2023-10-06 09:42:02.504 [main] TravelsDirectory_Steps - Scenario got failed , taken sceenshot for reference
[INFO ] 2023-10-06 09:43:39.656 [main] TravelsDirectory_Steps - Setup executed......
[INFO ] 2023-10-06 09:43:47.457 [main] TravelsDirectory_Steps - URL opened successfully
[WARN ] 2023-10-06 09:43:50.541 [main] TravelsDirectory_Steps - Home page validated successfully
[WARN ] 2023-10-06 09:43:50.567 [main] TravelsDirectory_Steps - Scenario got failed , taken sceenshot for reference
[WARN ] 2023-10-09 15:23:28.828 [main] TravelsDirectory_Steps - Scenario got failed , taken sceenshot for reference
[WARN ] 2023-10-09 15:59:15.164 [main] TravelsDirectory_Steps - Scenario got failed , taken sceenshot for reference
[INFO ] 2023-10-09 17:01:46.597 [main] TravelsDirectory_Steps - Setup executed......
[INFO ] 2023-10-09 17:02:04.006 [main] TravelsDirectory_Steps - URL opened successfully
[WARN ] 2023-10-09 17:02:27.087 [main] TravelsDirectory_Steps - Home page validated successfully
[WARN ] 2023-10-09 17:02:35.066 [main] TravelsDirectory_Steps - user clicked on View All Link
